2019-01-11 05:55:07,194 INFO ROOTNAME  RADfile.log:line 67,test3()::This is log4cpp info message
2019-01-11 05:55:07,194 WARN ROOTNAME  RADfile.log:line 69,test3()::This is log4cpp warn message
2019-01-11 05:55:07,194 ERROR ROOTNAME  RADfile.log:line 70,test3()::This is log4cpp error message
2019-01-11 05:55:07,194 FATAL ROOTNAME  RADfile.log:line 71,test3()::This is log4cpp fatal message
2019-01-11 05:55:07,194 INFO ROOTNAME  RADfile.log:line 67,test3()::This is log4cpp info message
2019-01-11 05:55:07,194 WARN ROOTNAME  RADfile.log:line 69,test3()::This is log4cpp warn message
2019-01-11 05:55:07,194 ERROR ROOTNAME  RADfile.log:line 70,test3()::This is log4cpp error message
2019-01-11 05:55:07,194 FATAL ROOTNAME  RADfile.log:line 71,test3()::This is log4cpp fatal message
2019-01-11 05:55:07,194 INFO ROOTNAME  RADfile.log:line 67,test3()::This is log4cpp info message
2019-01-11 05:55:07,195 WARN ROOTNAME  RADfile.log:line 69,test3()::This is log4cpp warn message
2019-01-11 05:55:07,195 ERROR ROOTNAME  RADfile.log:line 70,test3()::This is log4cpp error message
2019-01-11 05:55:07,195 FATAL ROOTNAME  RADfile.log:line 71,test3()::This is log4cpp fatal message
2019-01-11 05:55:07,195 INFO ROOTNAME  RADfile.log:line 67,test3()::This is log4cpp info message
2019-01-11 05:55:07,195 WARN ROOTNAME  RADfile.log:line 69,test3()::This is log4cpp warn message
2019-01-11 05:55:07,195 ERROR ROOTNAME  RADfile.log:line 70,test3()::This is log4cpp error message
2019-01-11 05:55:07,195 FATAL ROOTNAME  RADfile.log:line 71,test3()::This is log4cpp fatal message
2019-01-11 05:55:07,195 INFO ROOTNAME  RADfile.log:line 67,test3()::This is log4cpp info message
2019-01-11 05:55:07,195 WARN ROOTNAME  RADfile.log:line 69,test3()::This is log4cpp warn message
2019-01-11 05:55:07,195 ERROR ROOTNAME  RADfile.log:line 70,test3()::This is log4cpp error message
2019-01-11 05:55:07,195 FATAL ROOTNAME  RADfile.log:line 71,test3()::This is log4cpp fatal message
2019-01-11 05:55:07,195 INFO ROOTNAME  RADfile.log:line 67,test3()::This is log4cpp info message
2019-01-11 05:55:07,195 WARN ROOTNAME  RADfile.log:line 69,test3()::This is log4cpp warn message
2019-01-11 05:55:07,195 ERROR ROOTNAME  RADfile.log:line 70,test3()::This is log4cpp error message
2019-01-11 05:55:07,195 FATAL ROOTNAME  RADfile.log:line 71,test3()::This is log4cpp fatal message
2019-01-11 05:55:07,195 INFO ROOTNAME  RADfile.log:line 67,test3()::This is log4cpp info message
2019-01-11 05:55:07,195 WARN ROOTNAME  RADfile.log:line 69,test3()::This is log4cpp warn message
2019-01-11 05:55:07,195 ERROR ROOTNAME  RADfile.log:line 70,test3()::This is log4cpp error message
2019-01-11 05:55:07,195 FATAL ROOTNAME  RADfile.log:line 71,test3()::This is log4cpp fatal message
2019-01-11 05:55:07,195 INFO ROOTNAME  RADfile.log:line 67,test3()::This is log4cpp info message
2019-01-11 05:55:07,195 WARN ROOTNAME  RADfile.log:line 69,test3()::This is log4cpp warn message
2019-01-11 05:55:07,195 ERROR ROOTNAME  RADfile.log:line 70,test3()::This is log4cpp error message
2019-01-11 05:55:07,195 FATAL ROOTNAME  RADfile.log:line 71,test3()::This is log4cpp fatal message
2019-01-11 05:55:07,195 INFO ROOTNAME  RADfile.log:line 67,test3()::This is log4cpp info message
2019-01-11 05:55:07,195 WARN ROOTNAME  RADfile.log:line 69,test3()::This is log4cpp warn message
2019-01-11 05:55:07,195 ERROR ROOTNAME  RADfile.log:line 70,test3()::This is log4cpp error message
2019-01-11 05:55:07,195 FATAL ROOTNAME  RADfile.log:line 71,test3()::This is log4cpp fatal message
2019-01-11 05:55:07,195 INFO ROOTNAME  RADfile.log:line 67,test3()::This is log4cpp info message
2019-01-11 05:55:07,195 WARN ROOTNAME  RADfile.log:line 69,test3()::This is log4cpp warn message
2019-01-11 05:55:07,195 ERROR ROOTNAME  RADfile.log:line 70,test3()::This is log4cpp error message
2019-01-11 05:55:07,195 FATAL ROOTNAME  RADfile.log:line 71,test3()::This is log4cpp fatal message
2019-01-11 05:55:07,195 ERROR ROOTNAME  now out of for
